<?xml version="1.0" encoding="UTF-8"?>
<!-- Generated by org.testng.reporters.JUnitReportReporter -->
<testsuite hostname="yuktis-MacBook-Air.local" name="uk.co.automatictester.jwebfwk.runners.DownloadFeatureRunner" tests="1" failures="0" timestamp="20 Oct 2016 17:34:57 GMT" time="8.213" errors="0">
  <testcase name="run_cukes" time="8.213" classname="uk.co.automatictester.jwebfwk.runners.DownloadFeatureRunner"/>
</testsuite> <!-- uk.co.automatictester.jwebfwk.runners.DownloadFeatureRunner -->
